<?xml version="1.0" encoding="UTF-8"?>
<!-- Generated by org.testng.reporters.JUnitReportReporter -->
<testsuite hostname="ViswaMani" failures="0" tests="1" name="TestPage.Test" time="0.442" errors="0" timestamp="2020-02-20T21:18:36 IST" skipped="0">
  <testcase classname="TestPage.Test" name="VerifyNewsLetter" time="0.442"/>
</testsuite> <!-- TestPage.Test -->
