<?xml version="1.0" encoding="UTF-8"?>
<!-- Generated by org.testng.reporters.JUnitReportReporter -->
<testsuite hostname="ViswaMani" failures="0" tests="2" name="TestPage.Testss" time="2.381" errors="0" timestamp="2020-02-21T09:52:28 IST" skipped="0">
  <testcase classname="TestPage.Testss" name="VerifyNewsLetter" time="0.184"/>
  <testcase classname="TestPage.Testss" name="VerifyClick" time="2.197"/>
</testsuite> <!-- TestPage.Testss -->
